mode: set
github.com/whhcs/learngo/container/nonrepeating/nonrepeating.go:9.46,14.19 5 0
github.com/whhcs/learngo/container/nonrepeating/nonrepeating.go:29.2,29.18 1 0
github.com/whhcs/learngo/container/nonrepeating/nonrepeating.go:14.19,15.49 1 0
github.com/whhcs/learngo/container/nonrepeating/nonrepeating.go:25.3,25.25 1 0
github.com/whhcs/learngo/container/nonrepeating/nonrepeating.go:15.49,21.4 5 0
github.com/whhcs/learngo/container/nonrepeating/nonrepeating.go:21.9,24.4 2 0
github.com/whhcs/learngo/container/nonrepeating/nonrepeating.go:25.25,27.4 1 0
github.com/whhcs/learngo/container/nonrepeating/nonrepeating.go:33.46,38.31 4 0
github.com/whhcs/learngo/container/nonrepeating/nonrepeating.go:47.2,47.18 1 0
github.com/whhcs/learngo/container/nonrepeating/nonrepeating.go:38.31,39.58 1 0
github.com/whhcs/learngo/container/nonrepeating/nonrepeating.go:42.3,42.28 1 0
github.com/whhcs/learngo/container/nonrepeating/nonrepeating.go:45.3,45.23 1 0
github.com/whhcs/learngo/container/nonrepeating/nonrepeating.go:39.58,41.4 1 0
github.com/whhcs/learngo/container/nonrepeating/nonrepeating.go:42.28,44.4 1 0
github.com/whhcs/learngo/container/nonrepeating/nonrepeating.go:51.46,56.31 4 1
github.com/whhcs/learngo/container/nonrepeating/nonrepeating.go:65.2,65.18 1 1
github.com/whhcs/learngo/container/nonrepeating/nonrepeating.go:56.31,57.58 1 1
github.com/whhcs/learngo/container/nonrepeating/nonrepeating.go:60.3,60.28 1 1
github.com/whhcs/learngo/container/nonrepeating/nonrepeating.go:63.3,63.23 1 1
github.com/whhcs/learngo/container/nonrepeating/nonrepeating.go:57.58,59.4 1 1
github.com/whhcs/learngo/container/nonrepeating/nonrepeating.go:60.28,62.4 1 1
github.com/whhcs/learngo/container/nonrepeating/nonrepeating.go:67.13,94.2 17 0
